

Experimental protocol:
sensor: s2
max_epochs: 50
batch_size: 32
test_mode: 0
freeze_the_backbone: 1
backbone_size: base
data_path: /dss/dsshome1/04/di38jul/swattainer/temporary_rene/biomassters/
logs_path: ../../results/benchmkark/


┏━━━┳━━━━━━━━━━━━━━━┳━━━━━━━━━━━━━━━━━━━━━━━━┳━━━━━━━━┳━━━━━━━┓
┃   ┃ Name          ┃ Type                   ┃ Params ┃ Mode  ┃
┡━━━╇━━━━━━━━━━━━━━━╇━━━━━━━━━━━━━━━━━━━━━━━━╇━━━━━━━━╇━━━━━━━┩
│ 0 │ model         │ PixelWiseModel         │  102 M │ train │
│ 1 │ criterion     │ IgnoreIndexLossWrapper │      0 │ train │
│ 2 │ train_metrics │ MetricCollection       │      0 │ train │
│ 3 │ val_metrics   │ MetricCollection       │      0 │ train │
│ 4 │ test_metrics  │ ModuleList             │      0 │ train │
└───┴───────────────┴────────────────────────┴────────┴───────┘
Trainable params: 17.5 M                                                        
Non-trainable params: 85.0 M                                                    
Total params: 102 M                                                             
Total estimated model params size (MB): 409                                     
Modules in train mode: 280                                                      
Modules in eval mode: 0                                                         
Epoch 0/49 ━━━━━━━━━━━━━━━━ 205/205 0:02:12 • 0:00:00 1.77it/s v_num:           
                                                               8280097.000      
Epoch 1/49 ━━━━━━━━━━━━━━━━ 205/205 0:02:08 • 0:00:00 1.78it/s v_num:           
                                                               8280097.000      
Epoch 2/49 ━━━━━━━━━━━━━━━━ 205/205 0:02:08 • 0:00:00 1.81it/s v_num:           
                                                               8280097.000      
Epoch 3/49 ━━━━━━━━━━━━━━━━ 205/205 0:02:09 • 0:00:00 1.78it/s v_num:           
                                                               8280097.000      
Epoch 4/49 ━━━━━━━━━━━━━━━━ 205/205 0:02:09 • 0:00:00 1.77it/s v_num:           
                                                               8280097.000      
Epoch 5/49 ━━━━━━━━━━━━━━━━ 205/205 0:02:09 • 0:00:00 1.77it/s v_num:           
                                                               8280097.000      
Epoch 6/49 ━━━━━━━━━━━━━━━━ 205/205 0:02:09 • 0:00:00 1.75it/s v_num:           
                                                               8280097.000      
Epoch 7/49 ━━━━━━━━━━━━━━━━ 205/205 0:02:08 • 0:00:00 1.82it/s v_num:           
                                                               8280097.000      
Epoch 8/49 ━━━━━━━━━━━━━━━━ 205/205 0:02:09 • 0:00:00 1.75it/s v_num:           
                                                               8280097.000      
Epoch 9/49 ━━━━━━━━━━━━━━━━ 205/205 0:02:09 • 0:00:00 1.78it/s v_num:           
                                                               8280097.000      
Epoch 10/49 ━━━━━━━━━━━━━━━━ 205/205 0:02:09 •        1.78it/s v_num:           
                                     0:00:00                   8280097.000      
Epoch 11/49 ━━━━━━━━━━━━━━━━ 205/205 0:02:10 •        1.85it/s v_num:           
                                     0:00:00                   8280097.000      
Epoch 12/49 ━━━━━━━━━━━━━━━━ 205/205 0:02:09 •        1.72it/s v_num:           
                                     0:00:00                   8280097.000      
Epoch 13/49 ━━━━━━━━━━━━━━━━ 205/205 0:02:11 •        1.81it/s v_num:           
                                     0:00:00                   8280097.000      
Epoch 14/49 ━━━━━━━━━━━━━━━━ 205/205 0:02:09 •        1.80it/s v_num:           
                                     0:00:00                   8280097.000      
Epoch 15/49 ━━━━━━━━━━━━━━━━ 205/205 0:02:09 •        1.82it/s v_num:           
                                     0:00:00                   8280097.000      
Epoch 16/49 ━━━━━━━━━━━━━━━━ 205/205 0:02:09 •        1.84it/s v_num:           
                                     0:00:00                   8280097.000      
Epoch 17/49 ━━━━━━━━━━━━━━━━ 205/205 0:02:10 •        1.78it/s v_num:           
                                     0:00:00                   8280097.000      
Epoch 18/49 ━━━━━━━━━━━━━━━━ 205/205 0:02:09 •        1.83it/s v_num:           
                                     0:00:00                   8280097.000      
Epoch 19/49 ━━━━━━━━━━━━━━━━ 205/205 0:02:09 •        1.78it/s v_num:           
                                     0:00:00                   8280097.000      
Epoch 20/49 ━━━━━━━━━━━━━━━━ 205/205 0:02:09 •        1.77it/s v_num:           
                                     0:00:00                   8280097.000      
Epoch 21/49 ━━━━━━━━━━━━━━━━ 205/205 0:02:10 •        1.78it/s v_num:           
                                     0:00:00                   8280097.000      
Epoch 22/49 ━━━━━━━━━━━━━━━━ 205/205 0:02:08 •        1.78it/s v_num:           
                                     0:00:00                   8280097.000      
Epoch 23/49 ━━━━━━━━━━━━━━━━ 205/205 0:02:09 •        1.78it/s v_num:           
                                     0:00:00                   8280097.000      
Epoch 24/49 ━━━━━━━━━━━━━━━━ 205/205 0:02:09 •        1.75it/s v_num:           
                                     0:00:00                   8280097.000      
Epoch 25/49 ━━━━━━━━━━━━━━━━ 205/205 0:02:10 •        1.73it/s v_num:           
                                     0:00:00                   8280097.000      
Epoch 26/49 ━━━━━━━━━━━━━━━━ 205/205 0:02:09 •        1.82it/s v_num:           
                                     0:00:00                   8280097.000      
Epoch 27/49 ━━━━━━━━━━━━━━━━ 205/205 0:02:08 •        1.76it/s v_num:           
                                     0:00:00                   8280097.000      
Epoch 28/49 ━━━━━━━━━━━━━━━━ 205/205 0:02:09 •        1.75it/s v_num:           
                                     0:00:00                   8280097.000      
Epoch 29/49 ━━━━━━━━━━━━━━━━ 205/205 0:02:09 •        1.84it/s v_num:           
                                     0:00:00                   8280097.000      
Epoch 30/49 ━━━━━━━━━━━━━━━━ 205/205 0:02:09 •        1.83it/s v_num:           
                                     0:00:00                   8280097.000      
Epoch 31/49 ━━━━━━━━━━━━━━━━ 205/205 0:02:09 •        1.79it/s v_num:           
                                     0:00:00                   8280097.000      
Epoch 32/49 ━━━━━━━━━━━━━━━━ 205/205 0:02:09 •        1.82it/s v_num:           
                                     0:00:00                   8280097.000      
Epoch 33/49 ━━━━━━━━━━━━━━━━ 205/205 0:02:09 •        1.82it/s v_num:           
                                     0:00:00                   8280097.000      
Epoch 34/49 ━━━━━━━━━━━━━━━━ 205/205 0:02:09 •        1.74it/s v_num:           
                                     0:00:00                   8280097.000      
Epoch 35/49 ━━━━━━━━━━━━━━━━ 205/205 0:02:09 •        1.78it/s v_num:           
                                     0:00:00                   8280097.000      
Epoch 36/49 ━━━━━━━━━━━━━━━━ 205/205 0:02:09 •        1.75it/s v_num:           
                                     0:00:00                   8280097.000      
Epoch 37/49 ━━━━━━━━━━━━━━━━ 205/205 0:02:10 •        1.82it/s v_num:           
                                     0:00:00                   8280097.000      
Epoch 38/49 ━━━━━━━━━━━━━━━━ 205/205 0:02:09 •        1.74it/s v_num:           
                                     0:00:00                   8280097.000      
Epoch 39/49 ━━━━━━━━━━━━━━━━ 205/205 0:02:09 •        1.80it/s v_num:           
                                     0:00:00                   8280097.000      
Epoch 40/49 ━━━━━━━━━━━━━━━━ 205/205 0:02:08 •        1.72it/s v_num:           
                                     0:00:00                   8280097.000      
Epoch 41/49 ━━━━━━━━━━━━━━━━ 205/205 0:02:09 •        1.75it/s v_num:           
                                     0:00:00                   8280097.000      
Epoch 42/49 ━━━━━━━━━━━━━━━━ 205/205 0:02:10 •        1.89it/s v_num:           
                                     0:00:00                   8280097.000      
Epoch 43/49 ━━━━━━━━━━━━━━━━ 205/205 0:02:08 •        1.77it/s v_num:           
                                     0:00:00                   8280097.000      
Epoch 44/49 ━━━━━━━━━━━━━━━━ 205/205 0:02:10 •        1.81it/s v_num:           
                                     0:00:00                   8280097.000      
Epoch 45/49 ━━━━━━━━━━━━━━━━ 205/205 0:02:09 •        1.83it/s v_num:           
                                     0:00:00                   8280097.000      
Epoch 46/49 ━━━━━━━━━━━━━━━━ 205/205 0:02:09 •        1.80it/s v_num:           
                                     0:00:00                   8280097.000      
Epoch 47/49 ━━━━━━━━━━━━━━━━ 205/205 0:02:09 •        1.81it/s v_num:           
                                     0:00:00                   8280097.000      
Epoch 48/49 ━━━━━━━━━━━━━━━━ 205/205 0:02:10 •        1.80it/s v_num:           
                                     0:00:00                   8280097.000      
Epoch 49/49 ━━━━━━━━━━━━━━━━ 205/205 0:02:09 •        1.77it/s v_num:           
                                     0:00:00                   8280097.000      
{'test/MAE': tensor(26.3643, device='cuda:0'), 'test/MSE': tensor(2087.6155, device='cuda:0'), 'test/R2_Score': tensor(0.6111, device='cuda:0'), 'test/RMSE': tensor(45.6904, device='cuda:0')}
┏━━━━━━━━━━━━━━━━━━━━━━━━━━━┳━━━━━━━━━━━━━━━━━━━━━━━━━━━┓
┃        Test metric        ┃       DataLoader 0        ┃
┡━━━━━━━━━━━━━━━━━━━━━━━━━━━╇━━━━━━━━━━━━━━━━━━━━━━━━━━━┩
│         test/MAE          │     26.36427879333496     │
│         test/MSE          │     2087.615478515625     │
│       test/R2_Score       │    0.6111451387405396     │
│         test/RMSE         │       45.6904296875       │
│         test/loss         │     2087.610595703125     │
└───────────────────────────┴───────────────────────────┘
Testing ━━━━━━━━━━━━━━━━━━━━━━━━━━━━━━━━━━━━━ 80/80 0:00:45 • 0:00:00 1.78it/s 
Finetuning and evaluation completed!
