

Experimental protocol:
sensor: s2
max_epochs: 50
batch_size: 32
test_mode: 0
freeze_the_backbone: 0
backbone_size: large
data_path: /dss/dsshome1/04/di38jul/swattainer/temporary_rene/biomassters/
logs_path: ../../results/benchmkark/


┏━━━┳━━━━━━━━━━━━━━━┳━━━━━━━━━━━━━━━━━━━━━━━━┳━━━━━━━━┳━━━━━━━┓
┃   ┃ Name          ┃ Type                   ┃ Params ┃ Mode  ┃
┡━━━╇━━━━━━━━━━━━━━━╇━━━━━━━━━━━━━━━━━━━━━━━━╇━━━━━━━━╇━━━━━━━┩
│ 0 │ model         │ PixelWiseModel         │  324 M │ train │
│ 1 │ criterion     │ IgnoreIndexLossWrapper │      0 │ train │
│ 2 │ train_metrics │ MetricCollection       │      0 │ train │
│ 3 │ val_metrics   │ MetricCollection       │      0 │ train │
│ 4 │ test_metrics  │ ModuleList             │      0 │ train │
└───┴───────────────┴────────────────────────┴────────┴───────┘
Trainable params: 324 M                                                         
Non-trainable params: 0                                                         
Total params: 324 M                                                             
Total estimated model params size (MB): 1.3 K                                   
Modules in train mode: 448                                                      
Modules in eval mode: 0                                                         
Epoch 0/49 ━━━━━━━━━━━━━━━━ 205/205 0:02:16 • 0:00:00 1.64it/s v_num:           
                                                               8280098.000      
Epoch 1/49 ━━━━━━━━━━━━━━━━ 205/205 0:02:18 • 0:00:00 1.65it/s v_num:           
                                                               8280098.000      
Epoch 2/49 ━━━━━━━━━━━━━━━━ 205/205 0:02:20 • 0:00:00 1.60it/s v_num:           
                                                               8280098.000      
Epoch 3/49 ━━━━━━━━━━━━━━━━ 205/205 0:02:19 • 0:00:00 1.59it/s v_num:           
                                                               8280098.000      
Epoch 4/49 ━━━━━━━━━━━━━━━━ 205/205 0:02:19 • 0:00:00 1.64it/s v_num:           
                                                               8280098.000      
Epoch 5/49 ━━━━━━━━━━━━━━━━ 205/205 0:02:18 • 0:00:00 1.64it/s v_num:           
                                                               8280098.000      
Epoch 6/49 ━━━━━━━━━━━━━━━━ 205/205 0:02:19 • 0:00:00 1.65it/s v_num:           
                                                               8280098.000      
Epoch 7/49 ━━━━━━━━━━━━━━━━ 205/205 0:02:18 • 0:00:00 1.63it/s v_num:           
                                                               8280098.000      
Epoch 8/49 ━━━━━━━━━━━━━━━━ 205/205 0:02:18 • 0:00:00 1.63it/s v_num:           
                                                               8280098.000      
Epoch 9/49 ━━━━━━━━━━━━━━━━ 205/205 0:02:17 • 0:00:00 1.62it/s v_num:           
                                                               8280098.000      
Epoch 10/49 ━━━━━━━━━━━━━━━━ 205/205 0:02:18 •        1.65it/s v_num:           
                                     0:00:00                   8280098.000      
Epoch 11/49 ━━━━━━━━━━━━━━━━ 205/205 0:02:18 •        1.63it/s v_num:           
                                     0:00:00                   8280098.000      
Epoch 12/49 ━━━━━━━━━━━━━━━━ 205/205 0:02:18 •        1.64it/s v_num:           
                                     0:00:00                   8280098.000      
Epoch 13/49 ━━━━━━━━━━━━━━━━ 205/205 0:02:18 •        1.64it/s v_num:           
                                     0:00:00                   8280098.000      
Epoch 14/49 ━━━━━━━━━━━━━━━━ 205/205 0:02:18 •        1.63it/s v_num:           
                                     0:00:00                   8280098.000      
Epoch 15/49 ━━━━━━━━━━━━━━━━ 205/205 0:02:18 •        1.65it/s v_num:           
                                     0:00:00                   8280098.000      
Epoch 16/49 ━━━━━━━━━━━━━━━━ 205/205 0:02:17 •        1.65it/s v_num:           
                                     0:00:00                   8280098.000      
Epoch 17/49 ━━━━━━━━━━━━━━━━ 205/205 0:02:18 •        1.64it/s v_num:           
                                     0:00:00                   8280098.000      
Epoch 18/49 ━━━━━━━━━━━━━━━━ 205/205 0:02:19 •        1.64it/s v_num:           
                                     0:00:00                   8280098.000      
Epoch 19/49 ━━━━━━━━━━━━━━━━ 205/205 0:02:19 •        1.65it/s v_num:           
                                     0:00:00                   8280098.000      
Epoch 20/49 ━━━━━━━━━━━━━━━━ 205/205 0:02:19 •        1.65it/s v_num:           
                                     0:00:00                   8280098.000      
Epoch 21/49 ━━━━━━━━━━━━━━━━ 205/205 0:02:18 •        1.63it/s v_num:           
                                     0:00:00                   8280098.000      
Epoch 22/49 ━━━━━━━━━━━━━━━━ 205/205 0:02:18 •        1.63it/s v_num:           
                                     0:00:00                   8280098.000      
Epoch 23/49 ━━━━━━━━━━━━━━━━ 205/205 0:02:18 •        1.61it/s v_num:           
                                     0:00:00                   8280098.000      
Epoch 24/49 ━━━━━━━━━━━━━━━━ 205/205 0:02:18 •        1.65it/s v_num:           
                                     0:00:00                   8280098.000      
Epoch 25/49 ━━━━━━━━━━━━━━━━ 205/205 0:02:18 •        1.62it/s v_num:           
                                     0:00:00                   8280098.000      
Epoch 26/49 ━━━━━━━━━━━━━━━━ 205/205 0:02:18 •        1.59it/s v_num:           
                                     0:00:00                   8280098.000      
Epoch 27/49 ━━━━━━━━━━━━━━━━ 205/205 0:02:17 •        1.60it/s v_num:           
                                     0:00:00                   8280098.000      
Epoch 28/49 ━━━━━━━━━━━━━━━━ 205/205 0:02:18 •        1.62it/s v_num:           
                                     0:00:00                   8280098.000      
Epoch 29/49 ━━━━━━━━━━━━━━━━ 205/205 0:02:19 •        1.63it/s v_num:           
                                     0:00:00                   8280098.000      
Epoch 30/49 ━━━━━━━━━━━━━━━━ 205/205 0:02:18 •        1.62it/s v_num:           
                                     0:00:00                   8280098.000      
Epoch 31/49 ━━━━━━━━━━━━━━━━ 205/205 0:02:17 •        1.59it/s v_num:           
                                     0:00:00                   8280098.000      
Epoch 32/49 ━━━━━━━━━━━━━━━━ 205/205 0:02:18 •        1.61it/s v_num:           
                                     0:00:00                   8280098.000      
Epoch 33/49 ━━━━━━━━━━━━━━━━ 205/205 0:02:18 •        1.62it/s v_num:           
                                     0:00:00                   8280098.000      
Epoch 34/49 ━━━━━━━━━━━━━━━━ 205/205 0:02:18 •        1.62it/s v_num:           
                                     0:00:00                   8280098.000      
Epoch 35/49 ━━━━━━━━━━━━━━━━ 205/205 0:02:18 •        1.60it/s v_num:           
                                     0:00:00                   8280098.000      
Epoch 36/49 ━━━━━━━━━━━━━━━━ 205/205 0:02:25 •        1.54it/s v_num:           
                                     0:00:00                   8280098.000      
Epoch 37/49 ━━━━━━━━━━━━━━━━ 205/205 0:02:18 •        1.60it/s v_num:           
                                     0:00:00                   8280098.000      
Epoch 38/49 ━━━━━━━━━━━━━━━━ 205/205 0:02:19 •        1.65it/s v_num:           
                                     0:00:00                   8280098.000      
Epoch 39/49 ━━━━━━━━━━━━━━━━ 205/205 0:02:17 •        1.61it/s v_num:           
                                     0:00:00                   8280098.000      
Epoch 40/49 ━━━━━━━━━━━━━━━━ 205/205 0:02:17 •        1.63it/s v_num:           
                                     0:00:00                   8280098.000      
Epoch 41/49 ━━━━━━━━━━━━━━━━ 205/205 0:02:18 •        1.62it/s v_num:           
                                     0:00:00                   8280098.000      
Epoch 42/49 ━━━━━━━━━━━━━━━━ 205/205 0:02:18 •        1.63it/s v_num:           
                                     0:00:00                   8280098.000      
Epoch 43/49 ━━━━━━━━━━━━━━━━ 205/205 0:02:19 •        1.68it/s v_num:           
                                     0:00:00                   8280098.000      
Epoch 44/49 ━━━━━━━━━━━━━━━━ 205/205 0:02:15 •        1.65it/s v_num:           
                                     0:00:00                   8280098.000      
Epoch 45/49 ━━━━━━━━━━━━━━━━ 205/205 0:02:15 •        1.65it/s v_num:           
                                     0:00:00                   8280098.000      
Epoch 46/49 ━━━━━━━━━━━━━━━━ 205/205 0:02:15 •        1.65it/s v_num:           
                                     0:00:00                   8280098.000      
Epoch 47/49 ━━━━━━━━━━━━━━━━ 205/205 0:02:15 •        1.66it/s v_num:           
                                     0:00:00                   8280098.000      
Epoch 48/49 ━━━━━━━━━━━━━━━━ 205/205 0:02:28 •        0.98it/s v_num:           
                                     0:00:00                   8280098.000      
Epoch 49/49 ━━━━━━━━━━━━━━━━ 205/205 0:02:16 •        1.67it/s v_num:           
                                     0:00:00                   8280098.000      
{'test/MAE': tensor(35.5360, device='cuda:0'), 'test/MSE': tensor(3046.0027, device='cuda:0'), 'test/R2_Score': tensor(0.4325, device='cuda:0'), 'test/RMSE': tensor(55.1906, device='cuda:0')}
┏━━━━━━━━━━━━━━━━━━━━━━━━━━━┳━━━━━━━━━━━━━━━━━━━━━━━━━━━┓
┃        Test metric        ┃       DataLoader 0        ┃
┡━━━━━━━━━━━━━━━━━━━━━━━━━━━╇━━━━━━━━━━━━━━━━━━━━━━━━━━━┩
│         test/MAE          │     35.53596115112305     │
│         test/MSE          │     3046.002685546875     │
│       test/R2_Score       │    0.4324776530265808     │
│         test/RMSE         │     55.19060134887695     │
│         test/loss         │     3046.00146484375      │
└───────────────────────────┴───────────────────────────┘
Testing ━━━━━━━━━━━━━━━━━━━━━━━━━━━━━━━━━━━━━ 80/80 0:00:41 • 0:00:00 1.92it/s 
Finetuning and evaluation completed!
